:control_app:preBuild
:control_app:preReleaseBuild
:control_app:checkReleaseManifest
:control_app:preDebugBuild
:control_app_lib:compileLint
:control_app_lib:copyReleaseLint UP-TO-DATE
:control_app_lib:mergeReleaseProguardFiles UP-TO-DATE
:control_app_lib:preBuild
:control_app_lib:preReleaseBuild
:control_app_lib:checkReleaseManifest
:control_app_lib:prepareReleaseDependencies
:control_app_lib:compileReleaseAidl UP-TO-DATE
:control_app_lib:compileReleaseRenderscript UP-TO-DATE
:control_app_lib:generateReleaseBuildConfig UP-TO-DATE
:control_app_lib:generateReleaseAssets UP-TO-DATE
:control_app_lib:mergeReleaseAssets UP-TO-DATE
:control_app_lib:generateReleaseResValues UP-TO-DATE
:control_app_lib:generateReleaseResources UP-TO-DATE
:control_app_lib:packageReleaseResources UP-TO-DATE
:control_app_lib:processReleaseManifest UP-TO-DATE
:control_app_lib:processReleaseResources UP-TO-DATE
:control_app_lib:generateReleaseSources UP-TO-DATE
:control_app_lib:compileReleaseJava UP-TO-DATE
:control_app_lib:processReleaseJavaRes UP-TO-DATE
:control_app_lib:packageReleaseJar UP-TO-DATE
:control_app_lib:compileReleaseNdk UP-TO-DATE
:control_app_lib:packageReleaseJniLibs UP-TO-DATE
:control_app_lib:packageReleaseLocalJar UP-TO-DATE
:control_app_lib:packageReleaseRenderscript UP-TO-DATE
:control_app_lib:bundleRelease UP-TO-DATE
:control_app:prepareComAndroidSupportSupportV42103Library UP-TO-DATE
:control_app:prepareComGithubRosjavaAndroid_extrasGingerbread020Library UP-TO-DATE
:control_app:prepareComGithubRosjavaAndroid_fooControl_app_libUnspecifiedLibrary UP-TO-DATE
:control_app:prepareOrgRosAndroid_coreAndroid_10020Library UP-TO-DATE
:control_app:prepareOrgRosAndroid_coreAndroid_15020Library UP-TO-DATE
:control_app:prepareReleaseDependencies
:control_app:compileReleaseAidl UP-TO-DATE
:control_app:compileReleaseRenderscript UP-TO-DATE
:control_app:generateReleaseBuildConfig UP-TO-DATE
:control_app:generateReleaseAssets UP-TO-DATE
:control_app:mergeReleaseAssets UP-TO-DATE
:control_app:generateReleaseResValues UP-TO-DATE
:control_app:generateReleaseResources UP-TO-DATE
:control_app:mergeReleaseResources UP-TO-DATE
:control_app:processReleaseManifest UP-TO-DATE
:control_app:processReleaseResources UP-TO-DATE
:control_app:generateReleaseSources UP-TO-DATE
:control_app:compileReleaseJava UP-TO-DATE
:control_app:lintVitalRelease
:control_app:compileReleaseNdk UP-TO-DATE
:control_app:preDexRelease UP-TO-DATE
:control_app:dexRelease UP-TO-DATE
:control_app:processReleaseJavaRes UP-TO-DATE
:control_app:packageRelease UP-TO-DATE
:control_app:assembleRelease
:control_app_lib:assembleRelease UP-TO-DATE
:control_app:uploadArchives
:control_app_lib:uploadArchives

BUILD SUCCESSFUL

Total time: 11.704 secs
Built target gradle-android_foo
Base path: /home/mike/rosjava/catkin_ws_android
Source space: /home/mike/rosjava/catkin_ws_android/src
Build space: /home/mike/rosjava/catkin_ws_android/build
Devel space: /home/mike/rosjava/catkin_ws_android/devel
Install space: /home/mike/rosjava/catkin_ws_android/install
####
#### Running command: "make cmake_check_build_system" in "/home/mike/rosjava/catkin_ws_android/build"
####
####
#### Running command: "make -j8 -l8" in "/home/mike/rosjava/catkin_ws_android/build"
####
